# JRE version: OpenJDK Runtime Environment Temurin-21.0.11+10 (21.0.11+10) (build 21.0.11+10-LTS)
# Java VM: OpenJDK 64-Bit Server VM Temurin-21.0.11+10 (21.0.11+10-LTS, mixed mode, sharing, tiered, compressed oops, compressed class ptrs, parallel gc, windows-amd64)
GC Precious Log:
 CardTable entry size: 512
 CPUs: 16 total, 16 available
 Memory: 15715M
 Large Page Support: Disabled
 NUMA Support: Disabled
 Compressed Oops: Enabled (32-bit)
 Alignments: Space 512K, Generation 512K, Heap 2M
 Heap Min Capacity: 100M
 Heap Initial Capacity: 100M
 Heap Max Capacity: 2G
 Pre-touch: Disabled
 Parallel Workers: 13
Heap:
 PSYoungGen      total 3584K, used 1409K [0x00000000d5580000, 0x00000000d5b00000, 0x0000000100000000)
  eden space 3072K, 29% used [0x00000000d5580000,0x00000000d5660698,0x00000000d5880000)
  from space 512K, 100% used [0x00000000d5a00000,0x00000000d5a80000,0x00000000d5a80000)
  to   space 512K, 0% used [0x00000000d5a80000,0x00000000d5a80000,0x00000000d5b00000)
 ParOldGen       total 1178112K, used 217851K [0x0000000080000000, 0x00000000c7e80000, 0x00000000d5580000)
  object space 1178112K, 18% used [0x0000000080000000,0x000000008d4bed48,0x00000000c7e80000)
 Metaspace       used 74958K, committed 76736K, reserved 1179648K
  class space    used 7870K, committed 8576K, reserved 1048576K
GC Heap History (20 events):
Event: 62.126 GC heap before
{Heap before GC invocations=1172 (full 4):
 PSYoungGen      total 2560K, used 2544K [0x00000000d5580000, 0x00000000d5b80000, 0x0000000100000000)
  eden space 1536K, 99% used [0x00000000d5580000,0x00000000d56ffff0,0x00000000d5700000)
  from space 1024K, 98% used [0x00000000d5700000,0x00000000d57fc010,0x00000000d5800000)
  to   space 2048K, 0% used [0x00000000d5980000,0x00000000d5980000,0x00000000d5b80000)
 ParOldGen       total 1178112K, used 211139K [0x0000000080000000, 0x00000000c7e80000, 0x00000000d5580000)
  object space 1178112K, 17% used [0x0000000080000000,0x000000008ce30cd0,0x00000000c7e80000)
 Metaspace       used 74910K, committed 76736K, reserved 1179648K
  class space    used 7868K, committed 8576K, reserved 1048576K
}
Event: 62.128 GC heap after
{Heap after GC invocations=1172 (full 4):
 PSYoungGen      total 3072K, used 864K [0x00000000d5580000, 0x00000000d5a80000, 0x0000000100000000)
  eden space 2048K, 0% used [0x00000000d5580000,0x00000000d5580000,0x00000000d5780000)
  from space 1024K, 84% used [0x00000000d5980000,0x00000000d5a58000,0x00000000d5a80000)
  to   space 1536K, 0% used [0x00000000d5780000,0x00000000d5780000,0x00000000d5900000)
 ParOldGen       total 1178112K, used 212011K [0x0000000080000000, 0x00000000c7e80000, 0x00000000d5580000)
  object space 1178112K, 17% used [0x0000000080000000,0x000000008cf0ace0,0x00000000c7e80000)
 Metaspace       used 74910K, committed 76736K, reserved 1179648K
  class space    used 7868K, committed 8576K, reserved 1048576K
}
Event: 62.132 GC heap before
{Heap before GC invocations=1173 (full 4):
 PSYoungGen      total 3072K, used 2912K [0x00000000d5580000, 0x00000000d5a80000, 0x0000000100000000)
  eden space 2048K, 100% used [0x00000000d5580000,0x00000000d5780000,0x00000000d5780000)
  from space 1024K, 84% used [0x00000000d5980000,0x00000000d5a58000,0x00000000d5a80000)
  to   space 1536K, 0% used [0x00000000d5780000,0x00000000d5780000,0x00000000d5900000)
 ParOldGen       total 1178112K, used 213535K [0x0000000080000000, 0x00000000c7e80000, 0x00000000d5580000)
  object space 1178112K, 18% used [0x0000000080000000,0x000000008d087f88,0x00000000c7e80000)
 Metaspace       used 74916K, committed 76736K, reserved 1179648K
  class space    used 7868K, committed 8576K, reserved 1048576K
}
Event: 62.134 GC heap after
{Heap after GC invocations=1173 (full 4):
 PSYoungGen      total 3584K, used 1507K [0x00000000d5580000, 0x00000000d5e00000, 0x0000000100000000)
  eden space 2048K, 0% used [0x00000000d5580000,0x00000000d5580000,0x00000000d5780000)
  from space 1536K, 98% used [0x00000000d5780000,0x00000000d58f8dc0,0x00000000d5900000)
  to   space 3072K, 0% used [0x00000000d5b00000,0x00000000d5b00000,0x00000000d5e00000)
 ParOldGen       total 1178112K, used 214343K [0x0000000080000000, 0x00000000c7e80000, 0x00000000d5580000)
  object space 1178112K, 18% used [0x0000000080000000,0x000000008d151f88,0x00000000c7e80000)
 Metaspace       used 74916K, committed 76736K, reserved 1179648K
  class space    used 7868K, committed 8576K, reserved 1048576K
}
Event: 62.140 GC heap before
{Heap before GC invocations=1174 (full 4):
 PSYoungGen      total 3584K, used 3555K [0x00000000d5580000, 0x00000000d5e00000, 0x0000000100000000)
  eden space 2048K, 100% used [0x00000000d5580000,0x00000000d5780000,0x00000000d5780000)
  from space 1536K, 98% used [0x00000000d5780000,0x00000000d58f8dc0,0x00000000d5900000)
  to   space 3072K, 0% used [0x00000000d5b00000,0x00000000d5b00000,0x00000000d5e00000)
 ParOldGen       total 1178112K, used 214343K [0x0000000080000000, 0x00000000c7e80000, 0x00000000d5580000)
  object space 1178112K, 18% used [0x0000000080000000,0x000000008d151f88,0x00000000c7e80000)
 Metaspace       used 74916K, committed 76736K, reserved 1179648K
  class space    used 7868K, committed 8576K, reserved 1048576K
}
Event: 62.142 GC heap after
{Heap after GC invocations=1174 (full 4):
 PSYoungGen      total 4608K, used 1600K [0x00000000d5580000, 0x00000000d5d00000, 0x0000000100000000)
  eden space 2560K, 0% used [0x00000000d5580000,0x00000000d5580000,0x00000000d5800000)
  from space 2048K, 78% used [0x00000000d5b00000,0x00000000d5c90000,0x00000000d5d00000)
  to   space 2048K, 0% used [0x00000000d5900000,0x00000000d5900000,0x00000000d5b00000)
 ParOldGen       total 1178112K, used 215803K [0x0000000080000000, 0x00000000c7e80000, 0x00000000d5580000)
  object space 1178112K, 18% used [0x0000000080000000,0x000000008d2bed48,0x00000000c7e80000)
 Metaspace       used 74916K, committed 76736K, reserved 1179648K
  class space    used 7868K, committed 8576K, reserved 1048576K
}
Event: 62.164 GC heap before
{Heap before GC invocations=1175 (full 4):
 PSYoungGen      total 4608K, used 4160K [0x00000000d5580000, 0x00000000d5d00000, 0x0000000100000000)
  eden space 2560K, 100% used [0x00000000d5580000,0x00000000d5800000,0x00000000d5800000)
  from space 2048K, 78% used [0x00000000d5b00000,0x00000000d5c90000,0x00000000d5d00000)
  to   space 2048K, 0% used [0x00000000d5900000,0x00000000d5900000,0x00000000d5b00000)
 ParOldGen       total 1178112K, used 215803K [0x0000000080000000, 0x00000000c7e80000, 0x00000000d5580000)
  object space 1178112K, 18% used [0x0000000080000000,0x000000008d2bed48,0x00000000c7e80000)
 Metaspace       used 74949K, committed 76736K, reserved 1179648K
  class space    used 7869K, committed 8576K, reserved 1048576K
}
Event: 62.167 GC heap after
{Heap after GC invocations=1175 (full 4):
 PSYoungGen      total 4096K, used 576K [0x00000000d5580000, 0x00000000d5b80000, 0x0000000100000000)
  eden space 3072K, 0% used [0x00000000d5580000,0x00000000d5580000,0x00000000d5880000)
  from space 1024K, 56% used [0x00000000d5900000,0x00000000d5990000,0x00000000d5a00000)
  to   space 1024K, 0% used [0x00000000d5a80000,0x00000000d5a80000,0x00000000d5b80000)
 ParOldGen       total 1178112K, used 217187K [0x0000000080000000, 0x00000000c7e80000, 0x00000000d5580000)
  object space 1178112K, 18% used [0x0000000080000000,0x000000008d418d48,0x00000000c7e80000)
 Metaspace       used 74949K, committed 76736K, reserved 1179648K
  class space    used 7869K, committed 8576K, reserved 1048576K
}
Event: 62.178 GC heap before
{Heap before GC invocations=1176 (full 4):
 PSYoungGen      total 4096K, used 3648K [0x00000000d5580000, 0x00000000d5b80000, 0x0000000100000000)
  eden space 3072K, 100% used [0x00000000d5580000,0x00000000d5880000,0x00000000d5880000)
  from space 1024K, 56% used [0x00000000d5900000,0x00000000d5990000,0x00000000d5a00000)
  to   space 1024K, 0% used [0x00000000d5a80000,0x00000000d5a80000,0x00000000d5b80000)
 ParOldGen       total 1178112K, used 217187K [0x0000000080000000, 0x00000000c7e80000, 0x00000000d5580000)
  object space 1178112K, 18% used [0x0000000080000000,0x000000008d418d48,0x00000000c7e80000)
 Metaspace       used 74949K, committed 76736K, reserved 1179648K
  class space    used 7869K, committed 8576K, reserved 1048576K
}
Event: 62.179 GC heap after
{Heap after GC invocations=1176 (full 4):
 PSYoungGen      total 3584K, used 278K [0x00000000d5580000, 0x00000000d5b00000, 0x0000000100000000)
  eden space 3072K, 0% used [0x00000000d5580000,0x00000000d5580000,0x00000000d5880000)
  from space 512K, 54% used [0x00000000d5a80000,0x00000000d5ac5830,0x00000000d5b00000)
  to   space 512K, 0% used [0x00000000d5a00000,0x00000000d5a00000,0x00000000d5a80000)
 ParOldGen       total 1178112K, used 217587K [0x0000000080000000, 0x00000000c7e80000, 0x00000000d5580000)
  object space 1178112K, 18% used [0x0000000080000000,0x000000008d47cd48,0x00000000c7e80000)
 Metaspace       used 74949K, committed 76736K, reserved 1179648K
  class space    used 7869K, committed 8576K, reserved 1048576K
}
Event: 62.199 GC heap before
{Heap before GC invocations=1177 (full 4):
 PSYoungGen      total 3584K, used 3350K [0x00000000d5580000, 0x00000000d5b00000, 0x0000000100000000)
  eden space 3072K, 100% used [0x00000000d5580000,0x00000000d5880000,0x00000000d5880000)
  from space 512K, 54% used [0x00000000d5a80000,0x00000000d5ac5830,0x00000000d5b00000)
  to   space 512K, 0% used [0x00000000d5a00000,0x00000000d5a00000,0x00000000d5a80000)
 ParOldGen       total 1178112K, used 217587K [0x0000000080000000, 0x00000000c7e80000, 0x00000000d5580000)
  object space 1178112K, 18% used [0x0000000080000000,0x000000008d47cd48,0x00000000c7e80000)
 Metaspace       used 74949K, committed 76736K, reserved 1179648K
  class space    used 7869K, committed 8576K, reserved 1048576K
}
Event: 62.200 GC heap after
{Heap after GC invocations=1177 (full 4):
 PSYoungGen      total 3584K, used 384K [0x00000000d5580000, 0x00000000d5b00000, 0x0000000100000000)
  eden space 3072K, 0% used [0x00000000d5580000,0x00000000d5580000,0x00000000d5880000)
  from space 512K, 75% used [0x00000000d5a00000,0x00000000d5a60000,0x00000000d5a80000)
  to   space 512K, 0% used [0x00000000d5a80000,0x00000000d5a80000,0x00000000d5b00000)
 ParOldGen       total 1178112K, used 217667K [0x0000000080000000, 0x00000000c7e80000, 0x00000000d5580000)
  object space 1178112K, 18% used [0x0000000080000000,0x000000008d490d48,0x00000000c7e80000)
 Metaspace       used 74949K, committed 76736K, reserved 1179648K
  class space    used 7869K, committed 8576K, reserved 1048576K
}
Event: 62.213 GC heap before
{Heap before GC invocations=1178 (full 4):
 PSYoungGen      total 3584K, used 3393K [0x00000000d5580000, 0x00000000d5b00000, 0x0000000100000000)
  eden space 3072K, 97% used [0x00000000d5580000,0x00000000d5870548,0x00000000d5880000)
  from space 512K, 75% used [0x00000000d5a00000,0x00000000d5a60000,0x00000000d5a80000)
  to   space 512K, 0% used [0x00000000d5a80000,0x00000000d5a80000,0x00000000d5b00000)
 ParOldGen       total 1178112K, used 217667K [0x0000000080000000, 0x00000000c7e80000, 0x00000000d5580000)
  object space 1178112K, 18% used [0x0000000080000000,0x000000008d490d48,0x00000000c7e80000)
 Metaspace       used 74949K, committed 76736K, reserved 1179648K
  class space    used 7869K, committed 8576K, reserved 1048576K
}
Event: 62.214 GC heap after
{Heap after GC invocations=1178 (full 4):
 PSYoungGen      total 3584K, used 384K [0x00000000d5580000, 0x00000000d5b00000, 0x0000000100000000)
  eden space 3072K, 0% used [0x00000000d5580000,0x00000000d5580000,0x00000000d5880000)
  from space 512K, 75% used [0x00000000d5a80000,0x00000000d5ae0000,0x00000000d5b00000)
  to   space 512K, 0% used [0x00000000d5a00000,0x00000000d5a00000,0x00000000d5a80000)
 ParOldGen       total 1178112K, used 217739K [0x0000000080000000, 0x00000000c7e80000, 0x00000000d5580000)
  object space 1178112K, 18% used [0x0000000080000000,0x000000008d4a2d48,0x00000000c7e80000)
 Metaspace       used 74949K, committed 76736K, reserved 1179648K
  class space    used 7869K, committed 8576K, reserved 1048576K
}
Event: 62.363 GC heap before
{Heap before GC invocations=1179 (full 4):
 PSYoungGen      total 3584K, used 3456K [0x00000000d5580000, 0x00000000d5b00000, 0x0000000100000000)
  eden space 3072K, 100% used [0x00000000d5580000,0x00000000d5880000,0x00000000d5880000)
  from space 512K, 75% used [0x00000000d5a80000,0x00000000d5ae0000,0x00000000d5b00000)
  to   space 512K, 0% used [0x00000000d5a00000,0x00000000d5a00000,0x00000000d5a80000)
 ParOldGen       total 1178112K, used 217739K [0x0000000080000000, 0x00000000c7e80000, 0x00000000d5580000)
  object space 1178112K, 18% used [0x0000000080000000,0x000000008d4a2d48,0x00000000c7e80000)
 Metaspace       used 74949K, committed 76736K, reserved 1179648K
  class space    used 7869K, committed 8576K, reserved 1048576K
}
Event: 62.363 GC heap after
{Heap after GC invocations=1179 (full 4):
 PSYoungGen      total 3584K, used 320K [0x00000000d5580000, 0x00000000d5b00000, 0x0000000100000000)
  eden space 3072K, 0% used [0x00000000d5580000,0x00000000d5580000,0x00000000d5880000)
  from space 512K, 62% used [0x00000000d5a00000,0x00000000d5a50000,0x00000000d5a80000)
  to   space 512K, 0% used [0x00000000d5a80000,0x00000000d5a80000,0x00000000d5b00000)
 ParOldGen       total 1178112K, used 217763K [0x0000000080000000, 0x00000000c7e80000, 0x00000000d5580000)
  object space 1178112K, 18% used [0x0000000080000000,0x000000008d4a8d48,0x00000000c7e80000)
 Metaspace       used 74949K, committed 76736K, reserved 1179648K
  class space    used 7869K, committed 8576K, reserved 1048576K
}
Event: 62.528 GC heap before
{Heap before GC invocations=1180 (full 4):
 PSYoungGen      total 3584K, used 3392K [0x00000000d5580000, 0x00000000d5b00000, 0x0000000100000000)
  eden space 3072K, 100% used [0x00000000d5580000,0x00000000d5880000,0x00000000d5880000)
  from space 512K, 62% used [0x00000000d5a00000,0x00000000d5a50000,0x00000000d5a80000)
  to   space 512K, 0% used [0x00000000d5a80000,0x00000000d5a80000,0x00000000d5b00000)
 ParOldGen       total 1178112K, used 217763K [0x0000000080000000, 0x00000000c7e80000, 0x00000000d5580000)
  object space 1178112K, 18% used [0x0000000080000000,0x000000008d4a8d48,0x00000000c7e80000)
 Metaspace       used 74949K, committed 76736K, reserved 1179648K
  class space    used 7869K, committed 8576K, reserved 1048576K
}
Event: 62.529 GC heap after
{Heap after GC invocations=1180 (full 4):
 PSYoungGen      total 3584K, used 416K [0x00000000d5580000, 0x00000000d5b00000, 0x0000000100000000)
  eden space 3072K, 0% used [0x00000000d5580000,0x00000000d5580000,0x00000000d5880000)
  from space 512K, 81% used [0x00000000d5a80000,0x00000000d5ae8000,0x00000000d5b00000)
  to   space 512K, 0% used [0x00000000d5a00000,0x00000000d5a00000,0x00000000d5a80000)
 ParOldGen       total 1178112K, used 217787K [0x0000000080000000, 0x00000000c7e80000, 0x00000000d5580000)
  object space 1178112K, 18% used [0x0000000080000000,0x000000008d4aed48,0x00000000c7e80000)
 Metaspace       used 74949K, committed 76736K, reserved 1179648K
  class space    used 7869K, committed 8576K, reserved 1048576K
}
Event: 62.697 GC heap before
{Heap before GC invocations=1181 (full 4):
 PSYoungGen      total 3584K, used 3487K [0x00000000d5580000, 0x00000000d5b00000, 0x0000000100000000)
  eden space 3072K, 99% used [0x00000000d5580000,0x00000000d587ffe8,0x00000000d5880000)
  from space 512K, 81% used [0x00000000d5a80000,0x00000000d5ae8000,0x00000000d5b00000)
  to   space 512K, 0% used [0x00000000d5a00000,0x00000000d5a00000,0x00000000d5a80000)
 ParOldGen       total 1178112K, used 217787K [0x0000000080000000, 0x00000000c7e80000, 0x00000000d5580000)
  object space 1178112K, 18% used [0x0000000080000000,0x000000008d4aed48,0x00000000c7e80000)
 Metaspace       used 74955K, committed 76736K, reserved 1179648K
  class space    used 7870K, committed 8576K, reserved 1048576K
}
Event: 62.698 GC heap after
{Heap after GC invocations=1181 (full 4):
 PSYoungGen      total 3584K, used 512K [0x00000000d5580000, 0x00000000d5b00000, 0x0000000100000000)
  eden space 3072K, 0% used [0x00000000d5580000,0x00000000d5580000,0x00000000d5880000)
  from space 512K, 100% used [0x00000000d5a00000,0x00000000d5a80000,0x00000000d5a80000)
  to   space 512K, 0% used [0x00000000d5a80000,0x00000000d5a80000,0x00000000d5b00000)
 ParOldGen       total 1178112K, used 217851K [0x0000000080000000, 0x00000000c7e80000, 0x00000000d5580000)
  object space 1178112K, 18% used [0x0000000080000000,0x000000008d4bed48,0x00000000c7e80000)
 Metaspace       used 74955K, committed 76736K, reserved 1179648K
  class space    used 7870K, committed 8576K, reserved 1048576K
}

