# JRE version: OpenJDK Runtime Environment Temurin-21.0.11+10 (21.0.11+10) (build 21.0.11+10-LTS)
# Java VM: OpenJDK 64-Bit Server VM Temurin-21.0.11+10 (21.0.11+10-LTS, mixed mode, sharing, tiered, compressed oops, compressed class ptrs, parallel gc, windows-amd64)
GC Precious Log:
 CardTable entry size: 512
 CPUs: 16 total, 16 available
 Memory: 15715M
 Large Page Support: Disabled
 NUMA Support: Disabled
 Compressed Oops: Enabled (32-bit)
 Alignments: Space 512K, Generation 512K, Heap 2M
 Heap Min Capacity: 100M
 Heap Initial Capacity: 100M
 Heap Max Capacity: 2G
 Pre-touch: Disabled
 Parallel Workers: 13
Heap:
 PSYoungGen      total 16896K, used 4997K [0x00000000d5580000, 0x00000000d6700000, 0x0000000100000000)
  eden space 15872K, 26% used [0x00000000d5580000,0x00000000d59a9798,0x00000000d6500000)
  from space 1024K, 71% used [0x00000000d6500000,0x00000000d65b8000,0x00000000d6600000)
  to   space 1024K, 0% used [0x00000000d6600000,0x00000000d6600000,0x00000000d6700000)
 ParOldGen       total 73728K, used 69865K [0x0000000080000000, 0x0000000084800000, 0x00000000d5580000)
  object space 73728K, 94% used [0x0000000080000000,0x000000008443a5e0,0x0000000084800000)
 Metaspace       used 60443K, committed 61888K, reserved 1114112K
  class space    used 6288K, committed 6912K, reserved 1048576K
GC Heap History (20 events):
Event: 22.917 GC heap before
{Heap before GC invocations=53 (full 3):
 PSYoungGen      total 19456K, used 19231K [0x00000000d5580000, 0x00000000d6c00000, 0x0000000100000000)
  eden space 15872K, 99% used [0x00000000d5580000,0x00000000d64ffff8,0x00000000d6500000)
  from space 3584K, 93% used [0x00000000d6500000,0x00000000d6848000,0x00000000d6880000)
  to   space 3584K, 0% used [0x00000000d6880000,0x00000000d6880000,0x00000000d6c00000)
 ParOldGen       total 73728K, used 63098K [0x0000000080000000, 0x0000000084800000, 0x00000000d5580000)
  object space 73728K, 85% used [0x0000000080000000,0x0000000083d9ebb0,0x0000000084800000)
 Metaspace       used 60201K, committed 61568K, reserved 1114112K
  class space    used 6285K, committed 6848K, reserved 1048576K
}
Event: 22.920 GC heap after
{Heap after GC invocations=53 (full 3):
 PSYoungGen      total 17408K, used 1376K [0x00000000d5580000, 0x00000000d6a00000, 0x0000000100000000)
  eden space 15872K, 0% used [0x00000000d5580000,0x00000000d5580000,0x00000000d6500000)
  from space 1536K, 89% used [0x00000000d6880000,0x00000000d69d8000,0x00000000d6a00000)
  to   space 2560K, 0% used [0x00000000d6500000,0x00000000d6500000,0x00000000d6780000)
 ParOldGen       total 73728K, used 66049K [0x0000000080000000, 0x0000000084800000, 0x00000000d5580000)
  object space 73728K, 89% used [0x0000000080000000,0x00000000840805d0,0x0000000084800000)
 Metaspace       used 60201K, committed 61568K, reserved 1114112K
  class space    used 6285K, committed 6848K, reserved 1048576K
}
Event: 22.967 GC heap before
{Heap before GC invocations=54 (full 3):
 PSYoungGen      total 17408K, used 17248K [0x00000000d5580000, 0x00000000d6a00000, 0x0000000100000000)
  eden space 15872K, 100% used [0x00000000d5580000,0x00000000d6500000,0x00000000d6500000)
  from space 1536K, 89% used [0x00000000d6880000,0x00000000d69d8000,0x00000000d6a00000)
  to   space 2560K, 0% used [0x00000000d6500000,0x00000000d6500000,0x00000000d6780000)
 ParOldGen       total 73728K, used 66049K [0x0000000080000000, 0x0000000084800000, 0x00000000d5580000)
  object space 73728K, 89% used [0x0000000080000000,0x00000000840805d0,0x0000000084800000)
 Metaspace       used 60204K, committed 61568K, reserved 1114112K
  class space    used 6285K, committed 6848K, reserved 1048576K
}
Event: 22.970 GC heap after
{Heap after GC invocations=54 (full 3):
 PSYoungGen      total 18432K, used 2304K [0x00000000d5580000, 0x00000000d6a00000, 0x0000000100000000)
  eden space 15872K, 0% used [0x00000000d5580000,0x00000000d5580000,0x00000000d6500000)
  from space 2560K, 90% used [0x00000000d6500000,0x00000000d6740000,0x00000000d6780000)
  to   space 2560K, 0% used [0x00000000d6780000,0x00000000d6780000,0x00000000d6a00000)
 ParOldGen       total 73728K, used 66225K [0x0000000080000000, 0x0000000084800000, 0x00000000d5580000)
  object space 73728K, 89% used [0x0000000080000000,0x00000000840ac5d0,0x0000000084800000)
 Metaspace       used 60204K, committed 61568K, reserved 1114112K
  class space    used 6285K, committed 6848K, reserved 1048576K
}
Event: 23.021 GC heap before
{Heap before GC invocations=55 (full 3):
 PSYoungGen      total 18432K, used 18176K [0x00000000d5580000, 0x00000000d6a00000, 0x0000000100000000)
  eden space 15872K, 100% used [0x00000000d5580000,0x00000000d6500000,0x00000000d6500000)
  from space 2560K, 90% used [0x00000000d6500000,0x00000000d6740000,0x00000000d6780000)
  to   space 2560K, 0% used [0x00000000d6780000,0x00000000d6780000,0x00000000d6a00000)
 ParOldGen       total 73728K, used 66225K [0x0000000080000000, 0x0000000084800000, 0x00000000d5580000)
  object space 73728K, 89% used [0x0000000080000000,0x00000000840ac5d0,0x0000000084800000)
 Metaspace       used 60239K, committed 61632K, reserved 1114112K
  class space    used 6285K, committed 6848K, reserved 1048576K
}
Event: 23.023 GC heap after
{Heap after GC invocations=55 (full 3):
 PSYoungGen      total 17408K, used 1456K [0x00000000d5580000, 0x00000000d6900000, 0x0000000100000000)
  eden space 15872K, 0% used [0x00000000d5580000,0x00000000d5580000,0x00000000d6500000)
  from space 1536K, 94% used [0x00000000d6780000,0x00000000d68ec030,0x00000000d6900000)
  to   space 2048K, 0% used [0x00000000d6500000,0x00000000d6500000,0x00000000d6700000)
 ParOldGen       total 73728K, used 66809K [0x0000000080000000, 0x0000000084800000, 0x00000000d5580000)
  object space 73728K, 90% used [0x0000000080000000,0x000000008413e5d0,0x0000000084800000)
 Metaspace       used 60239K, committed 61632K, reserved 1114112K
  class space    used 6285K, committed 6848K, reserved 1048576K
}
Event: 23.060 GC heap before
{Heap before GC invocations=56 (full 3):
 PSYoungGen      total 17408K, used 17328K [0x00000000d5580000, 0x00000000d6900000, 0x0000000100000000)
  eden space 15872K, 99% used [0x00000000d5580000,0x00000000d64ffff8,0x00000000d6500000)
  from space 1536K, 94% used [0x00000000d6780000,0x00000000d68ec030,0x00000000d6900000)
  to   space 2048K, 0% used [0x00000000d6500000,0x00000000d6500000,0x00000000d6700000)
 ParOldGen       total 73728K, used 66809K [0x0000000080000000, 0x0000000084800000, 0x00000000d5580000)
  object space 73728K, 90% used [0x0000000080000000,0x000000008413e5d0,0x0000000084800000)
 Metaspace       used 60270K, committed 61632K, reserved 1114112K
  class space    used 6285K, committed 6848K, reserved 1048576K
}
Event: 23.062 GC heap after
{Heap after GC invocations=56 (full 3):
 PSYoungGen      total 17920K, used 1728K [0x00000000d5580000, 0x00000000d6900000, 0x0000000100000000)
  eden space 15872K, 0% used [0x00000000d5580000,0x00000000d5580000,0x00000000d6500000)
  from space 2048K, 84% used [0x00000000d6500000,0x00000000d66b0020,0x00000000d6700000)
  to   space 2048K, 0% used [0x00000000d6700000,0x00000000d6700000,0x00000000d6900000)
 ParOldGen       total 73728K, used 67185K [0x0000000080000000, 0x0000000084800000, 0x00000000d5580000)
  object space 73728K, 91% used [0x0000000080000000,0x000000008419c5d0,0x0000000084800000)
 Metaspace       used 60270K, committed 61632K, reserved 1114112K
  class space    used 6285K, committed 6848K, reserved 1048576K
}
Event: 23.081 GC heap before
{Heap before GC invocations=57 (full 3):
 PSYoungGen      total 17920K, used 17600K [0x00000000d5580000, 0x00000000d6900000, 0x0000000100000000)
  eden space 15872K, 100% used [0x00000000d5580000,0x00000000d6500000,0x00000000d6500000)
  from space 2048K, 84% used [0x00000000d6500000,0x00000000d66b0020,0x00000000d6700000)
  to   space 2048K, 0% used [0x00000000d6700000,0x00000000d6700000,0x00000000d6900000)
 ParOldGen       total 73728K, used 67185K [0x0000000080000000, 0x0000000084800000, 0x00000000d5580000)
  object space 73728K, 91% used [0x0000000080000000,0x000000008419c5d0,0x0000000084800000)
 Metaspace       used 60310K, committed 61760K, reserved 1114112K
  class space    used 6285K, committed 6848K, reserved 1048576K
}
Event: 23.083 GC heap after
{Heap after GC invocations=57 (full 3):
 PSYoungGen      total 17408K, used 1376K [0x00000000d5580000, 0x00000000d6880000, 0x0000000100000000)
  eden space 15872K, 0% used [0x00000000d5580000,0x00000000d5580000,0x00000000d6500000)
  from space 1536K, 89% used [0x00000000d6700000,0x00000000d6858000,0x00000000d6880000)
  to   space 1536K, 0% used [0x00000000d6580000,0x00000000d6580000,0x00000000d6700000)
 ParOldGen       total 73728K, used 67545K [0x0000000080000000, 0x0000000084800000, 0x00000000d5580000)
  object space 73728K, 91% used [0x0000000080000000,0x00000000841f65d0,0x0000000084800000)
 Metaspace       used 60310K, committed 61760K, reserved 1114112K
  class space    used 6285K, committed 6848K, reserved 1048576K
}
Event: 23.112 GC heap before
{Heap before GC invocations=58 (full 3):
 PSYoungGen      total 17408K, used 17248K [0x00000000d5580000, 0x00000000d6880000, 0x0000000100000000)
  eden space 15872K, 100% used [0x00000000d5580000,0x00000000d6500000,0x00000000d6500000)
  from space 1536K, 89% used [0x00000000d6700000,0x00000000d6858000,0x00000000d6880000)
  to   space 1536K, 0% used [0x00000000d6580000,0x00000000d6580000,0x00000000d6700000)
 ParOldGen       total 73728K, used 67545K [0x0000000080000000, 0x0000000084800000, 0x00000000d5580000)
  object space 73728K, 91% used [0x0000000080000000,0x00000000841f65d0,0x0000000084800000)
 Metaspace       used 60317K, committed 61824K, reserved 1114112K
  class space    used 6286K, committed 6912K, reserved 1048576K
}
Event: 23.114 GC heap after
{Heap after GC invocations=58 (full 3):
 PSYoungGen      total 17408K, used 1200K [0x00000000d5580000, 0x00000000d6800000, 0x0000000100000000)
  eden space 15872K, 0% used [0x00000000d5580000,0x00000000d5580000,0x00000000d6500000)
  from space 1536K, 78% used [0x00000000d6580000,0x00000000d66ac030,0x00000000d6700000)
  to   space 1024K, 0% used [0x00000000d6700000,0x00000000d6700000,0x00000000d6800000)
 ParOldGen       total 73728K, used 67801K [0x0000000080000000, 0x0000000084800000, 0x00000000d5580000)
  object space 73728K, 91% used [0x0000000080000000,0x00000000842365d0,0x0000000084800000)
 Metaspace       used 60317K, committed 61824K, reserved 1114112K
  class space    used 6286K, committed 6912K, reserved 1048576K
}
Event: 23.142 GC heap before
{Heap before GC invocations=59 (full 3):
 PSYoungGen      total 17408K, used 17072K [0x00000000d5580000, 0x00000000d6800000, 0x0000000100000000)
  eden space 15872K, 100% used [0x00000000d5580000,0x00000000d6500000,0x00000000d6500000)
  from space 1536K, 78% used [0x00000000d6580000,0x00000000d66ac030,0x00000000d6700000)
  to   space 1024K, 0% used [0x00000000d6700000,0x00000000d6700000,0x00000000d6800000)
 ParOldGen       total 73728K, used 67801K [0x0000000080000000, 0x0000000084800000, 0x00000000d5580000)
  object space 73728K, 91% used [0x0000000080000000,0x00000000842365d0,0x0000000084800000)
 Metaspace       used 60342K, committed 61824K, reserved 1114112K
  class space    used 6286K, committed 6912K, reserved 1048576K
}
Event: 23.144 GC heap after
{Heap after GC invocations=59 (full 3):
 PSYoungGen      total 16896K, used 992K [0x00000000d5580000, 0x00000000d6800000, 0x0000000100000000)
  eden space 15872K, 0% used [0x00000000d5580000,0x00000000d5580000,0x00000000d6500000)
  from space 1024K, 96% used [0x00000000d6700000,0x00000000d67f8040,0x00000000d6800000)
  to   space 1536K, 0% used [0x00000000d6500000,0x00000000d6500000,0x00000000d6680000)
 ParOldGen       total 73728K, used 68361K [0x0000000080000000, 0x0000000084800000, 0x00000000d5580000)
  object space 73728K, 92% used [0x0000000080000000,0x00000000842c25d0,0x0000000084800000)
 Metaspace       used 60342K, committed 61824K, reserved 1114112K
  class space    used 6286K, committed 6912K, reserved 1048576K
}
Event: 23.163 GC heap before
{Heap before GC invocations=60 (full 3):
 PSYoungGen      total 16896K, used 16864K [0x00000000d5580000, 0x00000000d6800000, 0x0000000100000000)
  eden space 15872K, 100% used [0x00000000d5580000,0x00000000d6500000,0x00000000d6500000)
  from space 1024K, 96% used [0x00000000d6700000,0x00000000d67f8040,0x00000000d6800000)
  to   space 1536K, 0% used [0x00000000d6500000,0x00000000d6500000,0x00000000d6680000)
 ParOldGen       total 73728K, used 68361K [0x0000000080000000, 0x0000000084800000, 0x00000000d5580000)
  object space 73728K, 92% used [0x0000000080000000,0x00000000842c25d0,0x0000000084800000)
 Metaspace       used 60352K, committed 61824K, reserved 1114112K
  class space    used 6287K, committed 6912K, reserved 1048576K
}
Event: 23.164 GC heap after
{Heap after GC invocations=60 (full 3):
 PSYoungGen      total 17408K, used 1120K [0x00000000d5580000, 0x00000000d6800000, 0x0000000100000000)
  eden space 15872K, 0% used [0x00000000d5580000,0x00000000d5580000,0x00000000d6500000)
  from space 1536K, 72% used [0x00000000d6500000,0x00000000d6618010,0x00000000d6680000)
  to   space 1536K, 0% used [0x00000000d6680000,0x00000000d6680000,0x00000000d6800000)
 ParOldGen       total 73728K, used 68993K [0x0000000080000000, 0x0000000084800000, 0x00000000d5580000)
  object space 73728K, 93% used [0x0000000080000000,0x00000000843605d0,0x0000000084800000)
 Metaspace       used 60352K, committed 61824K, reserved 1114112K
  class space    used 6287K, committed 6912K, reserved 1048576K
}
Event: 23.188 GC heap before
{Heap before GC invocations=61 (full 3):
 PSYoungGen      total 17408K, used 16987K [0x00000000d5580000, 0x00000000d6800000, 0x0000000100000000)
  eden space 15872K, 99% used [0x00000000d5580000,0x00000000d64fedf8,0x00000000d6500000)
  from space 1536K, 72% used [0x00000000d6500000,0x00000000d6618010,0x00000000d6680000)
  to   space 1536K, 0% used [0x00000000d6680000,0x00000000d6680000,0x00000000d6800000)
 ParOldGen       total 73728K, used 68993K [0x0000000080000000, 0x0000000084800000, 0x00000000d5580000)
  object space 73728K, 93% used [0x0000000080000000,0x00000000843605d0,0x0000000084800000)
 Metaspace       used 60387K, committed 61888K, reserved 1114112K
  class space    used 6287K, committed 6912K, reserved 1048576K
}
Event: 23.190 GC heap after
{Heap after GC invocations=61 (full 3):
 PSYoungGen      total 17408K, used 1248K [0x00000000d5580000, 0x00000000d6800000, 0x0000000100000000)
  eden space 15872K, 0% used [0x00000000d5580000,0x00000000d5580000,0x00000000d6500000)
  from space 1536K, 81% used [0x00000000d6680000,0x00000000d67b8000,0x00000000d6800000)
  to   space 1536K, 0% used [0x00000000d6500000,0x00000000d6500000,0x00000000d6680000)
 ParOldGen       total 73728K, used 69465K [0x0000000080000000, 0x0000000084800000, 0x00000000d5580000)
  object space 73728K, 94% used [0x0000000080000000,0x00000000843d65e0,0x0000000084800000)
 Metaspace       used 60387K, committed 61888K, reserved 1114112K
  class space    used 6287K, committed 6912K, reserved 1048576K
}
Event: 23.226 GC heap before
{Heap before GC invocations=62 (full 3):
 PSYoungGen      total 17408K, used 17120K [0x00000000d5580000, 0x00000000d6800000, 0x0000000100000000)
  eden space 15872K, 100% used [0x00000000d5580000,0x00000000d6500000,0x00000000d6500000)
  from space 1536K, 81% used [0x00000000d6680000,0x00000000d67b8000,0x00000000d6800000)
  to   space 1536K, 0% used [0x00000000d6500000,0x00000000d6500000,0x00000000d6680000)
 ParOldGen       total 73728K, used 69465K [0x0000000080000000, 0x0000000084800000, 0x00000000d5580000)
  object space 73728K, 94% used [0x0000000080000000,0x00000000843d65e0,0x0000000084800000)
 Metaspace       used 60419K, committed 61888K, reserved 1114112K
  class space    used 6288K, committed 6912K, reserved 1048576K
}
Event: 23.227 GC heap after
{Heap after GC invocations=62 (full 3):
 PSYoungGen      total 16896K, used 736K [0x00000000d5580000, 0x00000000d6700000, 0x0000000100000000)
  eden space 15872K, 0% used [0x00000000d5580000,0x00000000d5580000,0x00000000d6500000)
  from space 1024K, 71% used [0x00000000d6500000,0x00000000d65b8000,0x00000000d6600000)
  to   space 1024K, 0% used [0x00000000d6600000,0x00000000d6600000,0x00000000d6700000)
 ParOldGen       total 73728K, used 69865K [0x0000000080000000, 0x0000000084800000, 0x00000000d5580000)
  object space 73728K, 94% used [0x0000000080000000,0x000000008443a5e0,0x0000000084800000)
 Metaspace       used 60419K, committed 61888K, reserved 1114112K
  class space    used 6288K, committed 6912K, reserved 1048576K
}

