# JRE version: OpenJDK Runtime Environment Temurin-21.0.11+10 (21.0.11+10) (build 21.0.11+10-LTS)
# Java VM: OpenJDK 64-Bit Server VM Temurin-21.0.11+10 (21.0.11+10-LTS, mixed mode, sharing, tiered, compressed oops, compressed class ptrs, parallel gc, windows-amd64)
GC Precious Log:
 CardTable entry size: 512
 CPUs: 16 total, 16 available
 Memory: 15715M
 Large Page Support: Disabled
 NUMA Support: Disabled
 Compressed Oops: Enabled (32-bit)
 Alignments: Space 512K, Generation 512K, Heap 2M
 Heap Min Capacity: 100M
 Heap Initial Capacity: 100M
 Heap Max Capacity: 2G
 Pre-touch: Disabled
 Parallel Workers: 13
Heap:
 PSYoungGen      total 23040K, used 21257K [0x00000000d5580000, 0x00000000d7300000, 0x0000000100000000)
  eden space 22016K, 91% used [0x00000000d5580000,0x00000000d69461b8,0x00000000d6b00000)
  from space 1024K, 98% used [0x00000000d7180000,0x00000000d727c378,0x00000000d7280000)
  to   space 512K, 0% used [0x00000000d7280000,0x00000000d7280000,0x00000000d7300000)
 ParOldGen       total 68608K, used 34583K [0x0000000080000000, 0x0000000084300000, 0x00000000d5580000)
  object space 68608K, 50% used [0x0000000080000000,0x00000000821c5d90,0x0000000084300000)
 Metaspace       used 49671K, committed 51200K, reserved 1114112K
  class space    used 5364K, committed 6016K, reserved 1048576K
GC Heap History (20 events):
Event: 6.551 GC heap before
{Heap before GC invocations=14 (full 1):
 PSYoungGen      total 23552K, used 11666K [0x00000000d5580000, 0x00000000d7500000, 0x0000000100000000)
  eden space 22016K, 46% used [0x00000000d5580000,0x00000000d5f6c950,0x00000000d6b00000)
  from space 1536K, 97% used [0x00000000d7180000,0x00000000d72f8020,0x00000000d7300000)
  to   space 5120K, 0% used [0x00000000d6b00000,0x00000000d6b00000,0x00000000d7000000)
 ParOldGen       total 68608K, used 20863K [0x0000000080000000, 0x0000000084300000, 0x00000000d5580000)
  object space 68608K, 30% used [0x0000000080000000,0x000000008145fdb0,0x0000000084300000)
 Metaspace       used 34690K, committed 35840K, reserved 1114112K
  class space    used 3528K, committed 4032K, reserved 1048576K
}
Event: 6.554 GC heap after
{Heap after GC invocations=14 (full 1):
 PSYoungGen      total 23552K, used 1152K [0x00000000d5580000, 0x00000000d7200000, 0x0000000100000000)
  eden space 22016K, 0% used [0x00000000d5580000,0x00000000d5580000,0x00000000d6b00000)
  from space 1536K, 75% used [0x00000000d6b00000,0x00000000d6c20000,0x00000000d6c80000)
  to   space 2560K, 0% used [0x00000000d6f80000,0x00000000d6f80000,0x00000000d7200000)
 ParOldGen       total 68608K, used 22267K [0x0000000080000000, 0x0000000084300000, 0x00000000d5580000)
  object space 68608K, 32% used [0x0000000080000000,0x00000000815beef0,0x0000000084300000)
 Metaspace       used 34690K, committed 35840K, reserved 1114112K
  class space    used 3528K, committed 4032K, reserved 1048576K
}
Event: 6.554 GC heap before
{Heap before GC invocations=15 (full 2):
 PSYoungGen      total 23552K, used 1152K [0x00000000d5580000, 0x00000000d7200000, 0x0000000100000000)
  eden space 22016K, 0% used [0x00000000d5580000,0x00000000d5580000,0x00000000d6b00000)
  from space 1536K, 75% used [0x00000000d6b00000,0x00000000d6c20000,0x00000000d6c80000)
  to   space 2560K, 0% used [0x00000000d6f80000,0x00000000d6f80000,0x00000000d7200000)
 ParOldGen       total 68608K, used 22267K [0x0000000080000000, 0x0000000084300000, 0x00000000d5580000)
  object space 68608K, 32% used [0x0000000080000000,0x00000000815beef0,0x0000000084300000)
 Metaspace       used 34690K, committed 35840K, reserved 1114112K
  class space    used 3528K, committed 4032K, reserved 1048576K
}
Event: 6.585 GC heap after
{Heap after GC invocations=15 (full 2):
 PSYoungGen      total 23552K, used 0K [0x00000000d5580000, 0x00000000d7200000, 0x0000000100000000)
  eden space 22016K, 0% used [0x00000000d5580000,0x00000000d5580000,0x00000000d6b00000)
  from space 1536K, 0% used [0x00000000d6b00000,0x00000000d6b00000,0x00000000d6c80000)
  to   space 2560K, 0% used [0x00000000d6f80000,0x00000000d6f80000,0x00000000d7200000)
 ParOldGen       total 68608K, used 21517K [0x0000000080000000, 0x0000000084300000, 0x00000000d5580000)
  object space 68608K, 31% used [0x0000000080000000,0x0000000081503608,0x0000000084300000)
 Metaspace       used 34690K, committed 35840K, reserved 1114112K
  class space    used 3528K, committed 4032K, reserved 1048576K
}
Event: 6.894 GC heap before
{Heap before GC invocations=16 (full 2):
 PSYoungGen      total 23552K, used 22016K [0x00000000d5580000, 0x00000000d7200000, 0x0000000100000000)
  eden space 22016K, 100% used [0x00000000d5580000,0x00000000d6b00000,0x00000000d6b00000)
  from space 1536K, 0% used [0x00000000d6b00000,0x00000000d6b00000,0x00000000d6c80000)
  to   space 2560K, 0% used [0x00000000d6f80000,0x00000000d6f80000,0x00000000d7200000)
 ParOldGen       total 68608K, used 21517K [0x0000000080000000, 0x0000000084300000, 0x00000000d5580000)
  object space 68608K, 31% used [0x0000000080000000,0x0000000081503608,0x0000000084300000)
 Metaspace       used 36855K, committed 38144K, reserved 1114112K
  class space    used 3790K, committed 4352K, reserved 1048576K
}
Event: 6.896 GC heap after
{Heap after GC invocations=16 (full 2):
 PSYoungGen      total 24576K, used 2144K [0x00000000d5580000, 0x00000000d7200000, 0x0000000100000000)
  eden space 22016K, 0% used [0x00000000d5580000,0x00000000d5580000,0x00000000d6b00000)
  from space 2560K, 83% used [0x00000000d6f80000,0x00000000d7198000,0x00000000d7200000)
  to   space 2560K, 0% used [0x00000000d6d00000,0x00000000d6d00000,0x00000000d6f80000)
 ParOldGen       total 68608K, used 21525K [0x0000000080000000, 0x0000000084300000, 0x00000000d5580000)
  object space 68608K, 31% used [0x0000000080000000,0x0000000081505608,0x0000000084300000)
 Metaspace       used 36855K, committed 38144K, reserved 1114112K
  class space    used 3790K, committed 4352K, reserved 1048576K
}
Event: 7.160 GC heap before
{Heap before GC invocations=17 (full 2):
 PSYoungGen      total 24576K, used 24160K [0x00000000d5580000, 0x00000000d7200000, 0x0000000100000000)
  eden space 22016K, 100% used [0x00000000d5580000,0x00000000d6b00000,0x00000000d6b00000)
  from space 2560K, 83% used [0x00000000d6f80000,0x00000000d7198000,0x00000000d7200000)
  to   space 2560K, 0% used [0x00000000d6d00000,0x00000000d6d00000,0x00000000d6f80000)
 ParOldGen       total 68608K, used 21525K [0x0000000080000000, 0x0000000084300000, 0x00000000d5580000)
  object space 68608K, 31% used [0x0000000080000000,0x0000000081505608,0x0000000084300000)
 Metaspace       used 38086K, committed 39424K, reserved 1114112K
  class space    used 3965K, committed 4544K, reserved 1048576K
}
Event: 7.164 GC heap after
{Heap after GC invocations=17 (full 2):
 PSYoungGen      total 24576K, used 2551K [0x00000000d5580000, 0x00000000d7f00000, 0x0000000100000000)
  eden space 22016K, 0% used [0x00000000d5580000,0x00000000d5580000,0x00000000d6b00000)
  from space 2560K, 99% used [0x00000000d6d00000,0x00000000d6f7dde8,0x00000000d6f80000)
  to   space 10240K, 0% used [0x00000000d7500000,0x00000000d7500000,0x00000000d7f00000)
 ParOldGen       total 68608K, used 27827K [0x0000000080000000, 0x0000000084300000, 0x00000000d5580000)
  object space 68608K, 40% used [0x0000000080000000,0x0000000081b2cee0,0x0000000084300000)
 Metaspace       used 38086K, committed 39424K, reserved 1114112K
  class space    used 3965K, committed 4544K, reserved 1048576K
}
Event: 7.435 GC heap before
{Heap before GC invocations=18 (full 2):
 PSYoungGen      total 24576K, used 24567K [0x00000000d5580000, 0x00000000d7f00000, 0x0000000100000000)
  eden space 22016K, 100% used [0x00000000d5580000,0x00000000d6b00000,0x00000000d6b00000)
  from space 2560K, 99% used [0x00000000d6d00000,0x00000000d6f7dde8,0x00000000d6f80000)
  to   space 10240K, 0% used [0x00000000d7500000,0x00000000d7500000,0x00000000d7f00000)
 ParOldGen       total 68608K, used 27827K [0x0000000080000000, 0x0000000084300000, 0x00000000d5580000)
  object space 68608K, 40% used [0x0000000080000000,0x0000000081b2cee0,0x0000000084300000)
 Metaspace       used 39316K, committed 40576K, reserved 1114112K
  class space    used 4132K, committed 4672K, reserved 1048576K
}
Event: 7.437 GC heap after
{Heap after GC invocations=18 (full 2):
 PSYoungGen      total 23040K, used 640K [0x00000000d5580000, 0x00000000d7600000, 0x0000000100000000)
  eden space 22016K, 0% used [0x00000000d5580000,0x00000000d5580000,0x00000000d6b00000)
  from space 1024K, 62% used [0x00000000d7500000,0x00000000d75a0000,0x00000000d7600000)
  to   space 4096K, 0% used [0x00000000d6e00000,0x00000000d6e00000,0x00000000d7200000)
 ParOldGen       total 68608K, used 30381K [0x0000000080000000, 0x0000000084300000, 0x00000000d5580000)
  object space 68608K, 44% used [0x0000000080000000,0x0000000081dab4e0,0x0000000084300000)
 Metaspace       used 39316K, committed 40576K, reserved 1114112K
  class space    used 4132K, committed 4672K, reserved 1048576K
}
Event: 7.735 GC heap before
{Heap before GC invocations=19 (full 2):
 PSYoungGen      total 23040K, used 22656K [0x00000000d5580000, 0x00000000d7600000, 0x0000000100000000)
  eden space 22016K, 100% used [0x00000000d5580000,0x00000000d6b00000,0x00000000d6b00000)
  from space 1024K, 62% used [0x00000000d7500000,0x00000000d75a0000,0x00000000d7600000)
  to   space 4096K, 0% used [0x00000000d6e00000,0x00000000d6e00000,0x00000000d7200000)
 ParOldGen       total 68608K, used 30381K [0x0000000080000000, 0x0000000084300000, 0x00000000d5580000)
  object space 68608K, 44% used [0x0000000080000000,0x0000000081dab4e0,0x0000000084300000)
 Metaspace       used 41623K, committed 42880K, reserved 1114112K
  class space    used 4427K, committed 4992K, reserved 1048576K
}
Event: 7.737 GC heap after
{Heap after GC invocations=19 (full 2):
 PSYoungGen      total 26112K, used 960K [0x00000000d5580000, 0x00000000d7580000, 0x0000000100000000)
  eden space 22016K, 0% used [0x00000000d5580000,0x00000000d5580000,0x00000000d6b00000)
  from space 4096K, 23% used [0x00000000d6e00000,0x00000000d6ef0000,0x00000000d7200000)
  to   space 1536K, 0% used [0x00000000d7400000,0x00000000d7400000,0x00000000d7580000)
 ParOldGen       total 68608K, used 30813K [0x0000000080000000, 0x0000000084300000, 0x00000000d5580000)
  object space 68608K, 44% used [0x0000000080000000,0x0000000081e174e0,0x0000000084300000)
 Metaspace       used 41623K, committed 42880K, reserved 1114112K
  class space    used 4427K, committed 4992K, reserved 1048576K
}
Event: 8.129 GC heap before
{Heap before GC invocations=20 (full 2):
 PSYoungGen      total 26112K, used 22976K [0x00000000d5580000, 0x00000000d7580000, 0x0000000100000000)
  eden space 22016K, 100% used [0x00000000d5580000,0x00000000d6b00000,0x00000000d6b00000)
  from space 4096K, 23% used [0x00000000d6e00000,0x00000000d6ef0000,0x00000000d7200000)
  to   space 1536K, 0% used [0x00000000d7400000,0x00000000d7400000,0x00000000d7580000)
 ParOldGen       total 68608K, used 30813K [0x0000000080000000, 0x0000000084300000, 0x00000000d5580000)
  object space 68608K, 44% used [0x0000000080000000,0x0000000081e174e0,0x0000000084300000)
 Metaspace       used 44260K, committed 45568K, reserved 1114112K
  class space    used 4785K, committed 5376K, reserved 1048576K
}
Event: 8.131 GC heap after
{Heap after GC invocations=20 (full 2):
 PSYoungGen      total 23552K, used 1536K [0x00000000d5580000, 0x00000000d7580000, 0x0000000100000000)
  eden space 22016K, 0% used [0x00000000d5580000,0x00000000d5580000,0x00000000d6b00000)
  from space 1536K, 100% used [0x00000000d7400000,0x00000000d7580000,0x00000000d7580000)
  to   space 2560K, 0% used [0x00000000d7080000,0x00000000d7080000,0x00000000d7300000)
 ParOldGen       total 68608K, used 31541K [0x0000000080000000, 0x0000000084300000, 0x00000000d5580000)
  object space 68608K, 45% used [0x0000000080000000,0x0000000081ecd4e0,0x0000000084300000)
 Metaspace       used 44260K, committed 45568K, reserved 1114112K
  class space    used 4785K, committed 5376K, reserved 1048576K
}
Event: 10.706 GC heap before
{Heap before GC invocations=21 (full 2):
 PSYoungGen      total 23552K, used 23552K [0x00000000d5580000, 0x00000000d7580000, 0x0000000100000000)
  eden space 22016K, 100% used [0x00000000d5580000,0x00000000d6b00000,0x00000000d6b00000)
  from space 1536K, 100% used [0x00000000d7400000,0x00000000d7580000,0x00000000d7580000)
  to   space 2560K, 0% used [0x00000000d7080000,0x00000000d7080000,0x00000000d7300000)
 ParOldGen       total 68608K, used 31541K [0x0000000080000000, 0x0000000084300000, 0x00000000d5580000)
  object space 68608K, 45% used [0x0000000080000000,0x0000000081ecd4e0,0x0000000084300000)
 Metaspace       used 46619K, committed 47872K, reserved 1114112K
  class space    used 5067K, committed 5632K, reserved 1048576K
}
Event: 10.711 GC heap after
{Heap after GC invocations=21 (full 2):
 PSYoungGen      total 24064K, used 1627K [0x00000000d5580000, 0x00000000d7480000, 0x0000000100000000)
  eden space 22016K, 0% used [0x00000000d5580000,0x00000000d5580000,0x00000000d6b00000)
  from space 2048K, 79% used [0x00000000d7080000,0x00000000d7216ea8,0x00000000d7280000)
  to   space 2048K, 0% used [0x00000000d7280000,0x00000000d7280000,0x00000000d7480000)
 ParOldGen       total 68608K, used 32909K [0x0000000080000000, 0x0000000084300000, 0x00000000d5580000)
  object space 68608K, 47% used [0x0000000080000000,0x0000000082023500,0x0000000084300000)
 Metaspace       used 46619K, committed 47872K, reserved 1114112K
  class space    used 5067K, committed 5632K, reserved 1048576K
}
Event: 11.680 GC heap before
{Heap before GC invocations=22 (full 2):
 PSYoungGen      total 24064K, used 23643K [0x00000000d5580000, 0x00000000d7480000, 0x0000000100000000)
  eden space 22016K, 100% used [0x00000000d5580000,0x00000000d6b00000,0x00000000d6b00000)
  from space 2048K, 79% used [0x00000000d7080000,0x00000000d7216ea8,0x00000000d7280000)
  to   space 2048K, 0% used [0x00000000d7280000,0x00000000d7280000,0x00000000d7480000)
 ParOldGen       total 68608K, used 32909K [0x0000000080000000, 0x0000000084300000, 0x00000000d5580000)
  object space 68608K, 47% used [0x0000000080000000,0x0000000082023500,0x0000000084300000)
 Metaspace       used 47406K, committed 48704K, reserved 1114112K
  class space    used 5145K, committed 5696K, reserved 1048576K
}
Event: 11.684 GC heap after
{Heap after GC invocations=22 (full 2):
 PSYoungGen      total 23040K, used 592K [0x00000000d5580000, 0x00000000d7380000, 0x0000000100000000)
  eden space 22016K, 0% used [0x00000000d5580000,0x00000000d5580000,0x00000000d6b00000)
  from space 1024K, 57% used [0x00000000d7280000,0x00000000d7314010,0x00000000d7380000)
  to   space 1024K, 0% used [0x00000000d7180000,0x00000000d7180000,0x00000000d7280000)
 ParOldGen       total 68608K, used 34241K [0x0000000080000000, 0x0000000084300000, 0x00000000d5580000)
  object space 68608K, 49% used [0x0000000080000000,0x00000000821705c8,0x0000000084300000)
 Metaspace       used 47406K, committed 48704K, reserved 1114112K
  class space    used 5145K, committed 5696K, reserved 1048576K
}
Event: 12.088 GC heap before
{Heap before GC invocations=23 (full 2):
 PSYoungGen      total 23040K, used 22608K [0x00000000d5580000, 0x00000000d7380000, 0x0000000100000000)
  eden space 22016K, 99% used [0x00000000d5580000,0x00000000d6affff0,0x00000000d6b00000)
  from space 1024K, 57% used [0x00000000d7280000,0x00000000d7314010,0x00000000d7380000)
  to   space 1024K, 0% used [0x00000000d7180000,0x00000000d7180000,0x00000000d7280000)
 ParOldGen       total 68608K, used 34241K [0x0000000080000000, 0x0000000084300000, 0x00000000d5580000)
  object space 68608K, 49% used [0x0000000080000000,0x00000000821705c8,0x0000000084300000)
 Metaspace       used 47958K, committed 49344K, reserved 1114112K
  class space    used 5211K, committed 5824K, reserved 1048576K
}
Event: 12.089 GC heap after
{Heap after GC invocations=23 (full 2):
 PSYoungGen      total 23040K, used 1008K [0x00000000d5580000, 0x00000000d7300000, 0x0000000100000000)
  eden space 22016K, 0% used [0x00000000d5580000,0x00000000d5580000,0x00000000d6b00000)
  from space 1024K, 98% used [0x00000000d7180000,0x00000000d727c378,0x00000000d7280000)
  to   space 512K, 0% used [0x00000000d7280000,0x00000000d7280000,0x00000000d7300000)
 ParOldGen       total 68608K, used 34583K [0x0000000080000000, 0x0000000084300000, 0x00000000d5580000)
  object space 68608K, 50% used [0x0000000080000000,0x00000000821c5d90,0x0000000084300000)
 Metaspace       used 47958K, committed 49344K, reserved 1114112K
  class space    used 5211K, committed 5824K, reserved 1048576K
}

